<?xml version="1.0" encoding="UTF-8"?>
<testsuite name="MatrixMathematicsTest" tests="4" skipped="0" failures="0" errors="0" timestamp="2019-01-12T22:07:35" hostname="BqNqNNN-2.local" time="0.012">
  <properties/>
  <testcase name="cofactor" classname="MatrixMathematicsTest" time="0.008"/>
  <testcase name="cofactor_noSquareException" classname="MatrixMathematicsTest" time="0.001"/>
  <testcase name="determinant" classname="MatrixMathematicsTest" time="0.001"/>
  <testcase name="determinant_noSquareException" classname="MatrixMathematicsTest" time="0.001"/>
  <system-out><![CDATA[]]></system-out>
  <system-err><![CDATA[]]></system-err>
</testsuite>
